<?xml version="1.0" encoding="UTF-8"?>
<testsuite xmlns:xsi="http://www.w3.org/2001/XMLSchema-instance" xsi:noNamespaceSchemaLocation="https://maven.apache.org/surefire/maven-surefire-plugin/xsd/surefire-test-report-3.0.xsd" version="3.0" name="TestSuite" time="94.985" tests="3" errors="0" skipped="0" failures="3">
  <properties>
[...]
</properties>
  <testcase name="verifyProductAddedToCart" classname="com.fashionette.tests.AddToCartTest" time="28.308">
    <failure message="Item was not added to cart expected [BEREITS IM WARENKORB] but found [IN DEN WARENKORB]" type="java.lang.AssertionError"><![CDATA[java.lang.AssertionError: Item was not added to cart expected [BEREITS IM WARENKORB] but found [IN DEN WARENKORB]
	at com.fashionette.tests.AddToCartTest.verifyProductAddedToCart(AddToCartTest.java:56)
]]></failure>
    <system-err><![CDATA[SLF4J: Failed to load class "org.slf4j.impl.StaticLoggerBinder".
SLF4J: Defaulting to no-operation (NOP) logger implementation
SLF4J: See http://www.slf4j.org/codes.html#StaticLoggerBinder for further details.
Starting ChromeDriver 96.0.4664.45 (76e4c1bb2ab4671b8beba3444e61c0f17584b2fc-refs/branch-heads/4664@{#947}) on port 4016
Only local connections are allowed.
Please see https://chromedriver.chromium.org/security-considerations for suggestions on keeping ChromeDriver safe.
ChromeDriver was started successfully.
Nov 28, 2021 11:44:21 PM org.openqa.selenium.remote.ProtocolHandshake createSession
INFO: Detected dialect: W3C
]]></system-err>
  </testcase>
  <testcase name="verifyVoucherApplied" classname="com.fashionette.tests.ApplyVoucherTest" time="23.636">
    <failure message="Coupon code did not applied expected [true] but found [false]" type="java.lang.AssertionError"><![CDATA[java.lang.AssertionError: Coupon code did not applied expected [true] but found [false]
	at com.fashionette.tests.ApplyVoucherTest.verifyVoucherApplied(ApplyVoucherTest.java:41)
]]></failure>
    <system-err><![CDATA[Starting ChromeDriver 96.0.4664.45 (76e4c1bb2ab4671b8beba3444e61c0f17584b2fc-refs/branch-heads/4664@{#947}) on port 23161
Only local connections are allowed.
Please see https://chromedriver.chromium.org/security-considerations for suggestions on keeping ChromeDriver safe.
ChromeDriver was started successfully.
Nov 28, 2021 11:44:59 PM org.openqa.selenium.remote.ProtocolHandshake createSession
INFO: Detected dialect: W3C
]]></system-err>
  </testcase>
  <testcase name="verifyUserDataGetModified" classname="com.fashionette.tests.ModifyUserDataTest" time="13.126">
    <failure message="user data is not modified  expected [true] but found [false]" type="java.lang.AssertionError"><![CDATA[java.lang.AssertionError: user data is not modified  expected [true] but found [false]
	at com.fashionette.tests.ModifyUserDataTest.verifyUserDataGetModified(ModifyUserDataTest.java:40)
]]></failure>
    <system-err><![CDATA[Starting ChromeDriver 96.0.4664.45 (76e4c1bb2ab4671b8beba3444e61c0f17584b2fc-refs/branch-heads/4664@{#947}) on port 41048
Only local connections are allowed.
Please see https://chromedriver.chromium.org/security-considerations for suggestions on keeping ChromeDriver safe.
ChromeDriver was started successfully.
Nov 28, 2021 11:45:33 PM org.openqa.selenium.remote.ProtocolHandshake createSession
INFO: Detected dialect: W3C
]]></system-err>
  </testcase>
</testsuite>